  [1m[35m (13.1ms)[0m  [1m[35mCREATE TABLE "schema_migrations" ("version" varchar NOT NULL PRIMARY KEY)[0m
  [1m[35m (23.4ms)[0m  [1m[35mCREATE TABLE "ar_internal_metadata" ("key" varchar NOT NULL PRIMARY KEY, "value" varchar, "created_at" datetime(6) NOT NULL, "updated_at" datetime(6) NOT NULL)[0m
  [1m[36mActiveRecord::SchemaMigration Pluck (0.4ms)[0m  [1m[34mSELECT "schema_migrations"."version" FROM "schema_migrations" ORDER BY "schema_migrations"."version" ASC[0m
Migrating to CreateCandidates (20221210135204)
  [1m[36mTRANSACTION (0.1ms)[0m  [1m[36mbegin transaction[0m
  [1m[35m (1.8ms)[0m  [1m[35mCREATE TABLE "candidates" ("id" integer PRIMARY KEY AUTOINCREMENT NOT NULL, "full_name" varchar, "gender" varchar, "age" integer, "speciality" varchar, "work_experience" varchar, "created_at" datetime(6) NOT NULL, "updated_at" datetime(6) NOT NULL)[0m
  [1m[36mActiveRecord::SchemaMigration Create (0.3ms)[0m  [1m[32mINSERT INTO "schema_migrations" ("version") VALUES (?)[0m  [["version", "20221210135204"]]
  [1m[36mTRANSACTION (17.4ms)[0m  [1m[36mcommit transaction[0m
  [1m[36mActiveRecord::InternalMetadata Load (0.4ms)[0m  [1m[34mSELECT "ar_internal_metadata".* FROM "ar_internal_metadata" WHERE "ar_internal_metadata"."key" = ? LIMIT ?[0m  [["key", "environment"], ["LIMIT", 1]]
  [1m[36mTRANSACTION (0.1ms)[0m  [1m[36mbegin transaction[0m
  [1m[36mActiveRecord::InternalMetadata Create (1.5ms)[0m  [1m[32mINSERT INTO "ar_internal_metadata" ("key", "value", "created_at", "updated_at") VALUES (?, ?, ?, ?)[0m  [["key", "environment"], ["value", "development"], ["created_at", "2022-12-10 13:52:33.939481"], ["updated_at", "2022-12-10 13:52:33.939481"]]
  [1m[36mTRANSACTION (9.4ms)[0m  [1m[36mcommit transaction[0m
  [1m[36mActiveRecord::SchemaMigration Pluck (0.3ms)[0m  [1m[34mSELECT "schema_migrations"."version" FROM "schema_migrations" ORDER BY "schema_migrations"."version" ASC[0m
Started GET "/" for ::1 at 2022-12-10 15:59:41 +0200
  [1m[36mActiveRecord::SchemaMigration Pluck (0.4ms)[0m  [1m[34mSELECT "schema_migrations"."version" FROM "schema_migrations" ORDER BY "schema_migrations"."version" ASC[0m
Processing by HomeController#index as HTML
  Rendering layout layouts/application.html.erb
  Rendering home/index.html.erb within layouts/application
  Rendered home/index.html.erb within layouts/application (Duration: 18.4ms | Allocations: 437)
  Rendered home/_header.html.erb (Duration: 3.1ms | Allocations: 411)
  Rendered layout layouts/application.html.erb (Duration: 1421.7ms | Allocations: 98252)
Completed 200 OK in 1553ms (Views: 1487.8ms | ActiveRecord: 0.0ms | Allocations: 101765)


Started GET "/candidates" for ::1 at 2022-12-10 15:59:48 +0200
Processing by CandidatesController#index as HTML
  Rendering layout layouts/application.html.erb
  Rendering candidates/index.html.erb within layouts/application
  [1m[36mCandidate Load (0.4ms)[0m  [1m[34mSELECT "candidates".* FROM "candidates"[0m
  ↳ app/views/candidates/index.html.erb:16
  Rendered candidates/index.html.erb within layouts/application (Duration: 4.1ms | Allocations: 1166)
  Rendered home/_header.html.erb (Duration: 0.3ms | Allocations: 131)
  Rendered layout layouts/application.html.erb (Duration: 42.9ms | Allocations: 4130)
Completed 200 OK in 71ms (Views: 49.4ms | ActiveRecord: 0.4ms | Allocations: 5790)


Started GET "/candidates" for ::1 at 2022-12-10 16:00:36 +0200
Processing by CandidatesController#index as HTML
  Rendering layout layouts/application.html.erb
  Rendering candidates/index.html.erb within layouts/application
  [1m[36mCandidate Load (0.3ms)[0m  [1m[34mSELECT "candidates".* FROM "candidates"[0m
  ↳ app/views/candidates/index.html.erb:16
  Rendered candidates/index.html.erb within layouts/application (Duration: 4.3ms | Allocations: 1016)
  Rendered home/_header.html.erb (Duration: 1.4ms | Allocations: 302)
  Rendered layout layouts/application.html.erb (Duration: 29.6ms | Allocations: 4423)
Completed 200 OK in 53ms (Views: 45.5ms | ActiveRecord: 0.3ms | Allocations: 5295)


Started GET "/candidates/new" for ::1 at 2022-12-10 16:00:38 +0200
Processing by CandidatesController#new as HTML
  Rendering layout layouts/application.html.erb
  Rendering candidates/new.html.erb within layouts/application
  Rendered candidates/_form.html.erb (Duration: 118.4ms | Allocations: 4251)
  Rendered candidates/new.html.erb within layouts/application (Duration: 122.5ms | Allocations: 4589)
  Rendered home/_header.html.erb (Duration: 0.6ms | Allocations: 122)
  Rendered layout layouts/application.html.erb (Duration: 137.7ms | Allocations: 7193)
Completed 200 OK in 381ms (Views: 139.2ms | ActiveRecord: 1.7ms | Allocations: 20479)


Started POST "/candidates" for ::1 at 2022-12-10 16:00:59 +0200
Processing by CandidatesController#create as TURBO_STREAM
  Parameters: {"authenticity_token"=>"[FILTERED]", "candidate"=>{"full_name"=>"David Fincher", "gender"=>"Male", "age"=>"54", "speciality"=>"Electrician", "work_experience"=>"15 years"}, "commit"=>"Create Candidate"}
  [1m[36mTRANSACTION (0.1ms)[0m  [1m[36mbegin transaction[0m
  ↳ app/controllers/candidates_controller.rb:27:in `block in create'
  [1m[36mCandidate Create (2.7ms)[0m  [1m[32mINSERT INTO "candidates" ("full_name", "gender", "age", "speciality", "work_experience", "created_at", "updated_at") VALUES (?, ?, ?, ?, ?, ?, ?)[0m  [["full_name", "David Fincher"], ["gender", "Male"], ["age", 54], ["speciality", "Electrician"], ["work_experience", "15 years"], ["created_at", "2022-12-10 14:01:00.085887"], ["updated_at", "2022-12-10 14:01:00.085887"]]
  ↳ app/controllers/candidates_controller.rb:27:in `block in create'
  [1m[36mTRANSACTION (4.1ms)[0m  [1m[36mcommit transaction[0m
  ↳ app/controllers/candidates_controller.rb:27:in `block in create'
Redirected to http://localhost:3000/candidates/1
Completed 302 Found in 21ms (ActiveRecord: 6.9ms | Allocations: 3926)


Started GET "/candidates/1" for ::1 at 2022-12-10 16:01:00 +0200
Processing by CandidatesController#show as TURBO_STREAM
  Parameters: {"id"=>"1"}
  [1m[36mCandidate Load (0.4ms)[0m  [1m[34mSELECT "candidates".* FROM "candidates" WHERE "candidates"."id" = ? LIMIT ?[0m  [["id", 1], ["LIMIT", 1]]
  ↳ app/controllers/candidates_controller.rb:63:in `set_candidate'
  Rendering layout layouts/application.html.erb
  Rendering candidates/show.html.erb within layouts/application
  Rendered candidates/show.html.erb within layouts/application (Duration: 2.5ms | Allocations: 937)
  Rendered home/_header.html.erb (Duration: 0.3ms | Allocations: 122)
  Rendered layouts/_alerts.html.erb (Duration: 0.8ms | Allocations: 113)
  Rendered layout layouts/application.html.erb (Duration: 20.7ms | Allocations: 3793)
Completed 200 OK in 37ms (Views: 22.0ms | ActiveRecord: 0.4ms | Allocations: 6613)


Started GET "/candidates/1" for ::1 at 2022-12-10 16:01:33 +0200
Processing by CandidatesController#show as HTML
  Parameters: {"id"=>"1"}
  [1m[36mCandidate Load (0.3ms)[0m  [1m[34mSELECT "candidates".* FROM "candidates" WHERE "candidates"."id" = ? LIMIT ?[0m  [["id", 1], ["LIMIT", 1]]
  ↳ app/controllers/candidates_controller.rb:63:in `set_candidate'
  Rendering layout layouts/application.html.erb
  Rendering candidates/show.html.erb within layouts/application
  Rendered candidates/show.html.erb within layouts/application (Duration: 1.1ms | Allocations: 416)
  Rendered home/_header.html.erb (Duration: 0.3ms | Allocations: 121)
  Rendered layout layouts/application.html.erb (Duration: 15.2ms | Allocations: 2879)
Completed 200 OK in 24ms (Views: 15.9ms | ActiveRecord: 0.3ms | Allocations: 3657)


Started GET "/candidates/1" for ::1 at 2022-12-10 16:02:30 +0200
Processing by CandidatesController#show as HTML
  Parameters: {"id"=>"1"}
  [1m[36mCandidate Load (0.3ms)[0m  [1m[34mSELECT "candidates".* FROM "candidates" WHERE "candidates"."id" = ? LIMIT ?[0m  [["id", 1], ["LIMIT", 1]]
  ↳ app/controllers/candidates_controller.rb:63:in `set_candidate'
  Rendering layout layouts/application.html.erb
  Rendering candidates/show.html.erb within layouts/application
  Rendered candidates/show.html.erb within layouts/application (Duration: 1.4ms | Allocations: 503)
  Rendered home/_header.html.erb (Duration: 0.3ms | Allocations: 121)
  Rendered layout layouts/application.html.erb (Duration: 16.3ms | Allocations: 2964)
Completed 200 OK in 25ms (Views: 17.1ms | ActiveRecord: 0.3ms | Allocations: 3716)


Started GET "/" for ::1 at 2022-12-10 16:02:36 +0200
Processing by HomeController#index as HTML
  Rendering layout layouts/application.html.erb
  Rendering home/index.html.erb within layouts/application
  Rendered home/index.html.erb within layouts/application (Duration: 0.7ms | Allocations: 109)
  Rendered home/_header.html.erb (Duration: 0.4ms | Allocations: 167)
  Rendered layout layouts/application.html.erb (Duration: 15.6ms | Allocations: 3077)
Completed 200 OK in 28ms (Views: 23.2ms | ActiveRecord: 0.0ms | Allocations: 3642)


Started GET "/" for ::1 at 2022-12-10 16:05:02 +0200
Processing by HomeController#index as HTML
  Rendering layout layouts/application.html.erb
  Rendering home/index.html.erb within layouts/application
  Rendered home/index.html.erb within layouts/application (Duration: 0.7ms | Allocations: 109)
  Rendered home/_header.html.erb (Duration: 2.4ms | Allocations: 339)
  Rendered layout layouts/application.html.erb (Duration: 23.1ms | Allocations: 3568)
Completed 200 OK in 37ms (Views: 32.5ms | ActiveRecord: 0.0ms | Allocations: 4277)


Started GET "/" for ::1 at 2022-12-10 16:05:19 +0200
Processing by HomeController#index as HTML
  Rendering layout layouts/application.html.erb
  Rendering home/index.html.erb within layouts/application
  Rendered home/index.html.erb within layouts/application (Duration: 0.8ms | Allocations: 109)
  Rendered home/_header.html.erb (Duration: 4.0ms | Allocations: 338)
  Rendered layout layouts/application.html.erb (Duration: 24.4ms | Allocations: 3565)
Completed 200 OK in 38ms (Views: 33.5ms | ActiveRecord: 0.0ms | Allocations: 4277)


Started GET "/" for ::1 at 2022-12-10 16:05:20 +0200
Processing by HomeController#index as HTML
  Rendering layout layouts/application.html.erb
  Rendering home/index.html.erb within layouts/application
  Rendered home/index.html.erb within layouts/application (Duration: 0.1ms | Allocations: 7)
  Rendered home/_header.html.erb (Duration: 0.4ms | Allocations: 130)
  Rendered layout layouts/application.html.erb (Duration: 15.2ms | Allocations: 2657)
Completed 200 OK in 20ms (Views: 15.9ms | ActiveRecord: 0.0ms | Allocations: 2954)


Started GET "/" for ::1 at 2022-12-10 16:05:53 +0200
Processing by HomeController#index as HTML
  Rendering layout layouts/application.html.erb
  Rendering home/index.html.erb within layouts/application
  Rendered home/index.html.erb within layouts/application (Duration: 0.7ms | Allocations: 109)
  Rendered home/_header.html.erb (Duration: 2.4ms | Allocations: 338)
  Rendered layout layouts/application.html.erb (Duration: 23.8ms | Allocations: 3576)
Completed 200 OK in 38ms (Views: 33.9ms | ActiveRecord: 0.0ms | Allocations: 4266)


Started GET "/" for ::1 at 2022-12-10 16:05:56 +0200
Processing by HomeController#index as HTML
  Rendering layout layouts/application.html.erb
  Rendering home/index.html.erb within layouts/application
  Rendered home/index.html.erb within layouts/application (Duration: 0.1ms | Allocations: 7)
  Rendered home/_header.html.erb (Duration: 0.3ms | Allocations: 130)
  Rendered layout layouts/application.html.erb (Duration: 13.8ms | Allocations: 2654)
Completed 200 OK in 19ms (Views: 14.5ms | ActiveRecord: 0.0ms | Allocations: 2951)


Started GET "/" for ::1 at 2022-12-10 16:06:21 +0200
Processing by HomeController#index as HTML
  Rendering layout layouts/application.html.erb
  Rendering home/index.html.erb within layouts/application
  Rendered home/index.html.erb within layouts/application (Duration: 0.8ms | Allocations: 109)
  Rendered home/_header.html.erb (Duration: 2.4ms | Allocations: 338)
  Rendered layout layouts/application.html.erb (Duration: 23.3ms | Allocations: 3561)
Completed 200 OK in 38ms (Views: 33.1ms | ActiveRecord: 0.0ms | Allocations: 4251)


Started GET "/" for ::1 at 2022-12-10 16:06:52 +0200
Processing by HomeController#index as HTML
  Rendering layout layouts/application.html.erb
  Rendering home/index.html.erb within layouts/application
  Rendered home/index.html.erb within layouts/application (Duration: 0.9ms | Allocations: 109)
  Rendered home/_header.html.erb (Duration: 5.0ms | Allocations: 338)
  Rendered layout layouts/application.html.erb (Duration: 27.0ms | Allocations: 3552)
Completed 200 OK in 43ms (Views: 38.0ms | ActiveRecord: 0.0ms | Allocations: 4261)


Started GET "/" for ::1 at 2022-12-10 16:06:53 +0200
Processing by HomeController#index as HTML
  Rendering layout layouts/application.html.erb
  Rendering home/index.html.erb within layouts/application
  Rendered home/index.html.erb within layouts/application (Duration: 0.1ms | Allocations: 7)
  Rendered home/_header.html.erb (Duration: 0.4ms | Allocations: 130)
  Rendered layout layouts/application.html.erb (Duration: 14.4ms | Allocations: 2633)
Completed 200 OK in 19ms (Views: 15.1ms | ActiveRecord: 0.0ms | Allocations: 2930)


Started GET "/" for ::1 at 2022-12-10 16:07:55 +0200
Processing by HomeController#index as HTML
  Rendering layout layouts/application.html.erb
  Rendering home/index.html.erb within layouts/application
  Rendered home/index.html.erb within layouts/application (Duration: 0.9ms | Allocations: 109)
  Rendered home/_header.html.erb (Duration: 2.5ms | Allocations: 339)
  Rendered layout layouts/application.html.erb (Duration: 22.0ms | Allocations: 3568)
Completed 200 OK in 37ms (Views: 32.1ms | Allocations: 4249)


Started GET "/candidates" for ::1 at 2022-12-10 16:07:59 +0200
Processing by CandidatesController#index as HTML
  Rendering layout layouts/application.html.erb
  Rendering candidates/index.html.erb within layouts/application
  [1m[36mCandidate Load (0.3ms)[0m  [1m[34mSELECT "candidates".* FROM "candidates"[0m
  ↳ app/views/candidates/index.html.erb:16
  Rendered candidates/index.html.erb within layouts/application (Duration: 5.7ms | Allocations: 1417)
  Rendered home/_header.html.erb (Duration: 0.3ms | Allocations: 131)
  Rendered layout layouts/application.html.erb (Duration: 20.5ms | Allocations: 4322)
Completed 200 OK in 35ms (Views: 27.4ms | ActiveRecord: 0.9ms | Allocations: 4984)


Started GET "/candidates" for ::1 at 2022-12-10 16:08:01 +0200
Processing by CandidatesController#index as HTML
  Rendering layout layouts/application.html.erb
  Rendering candidates/index.html.erb within layouts/application
  [1m[36mCandidate Load (0.5ms)[0m  [1m[34mSELECT "candidates".* FROM "candidates"[0m
  ↳ app/views/candidates/index.html.erb:16
  Rendered candidates/index.html.erb within layouts/application (Duration: 3.1ms | Allocations: 746)
  Rendered home/_header.html.erb (Duration: 0.6ms | Allocations: 121)
  Rendered layout layouts/application.html.erb (Duration: 19.1ms | Allocations: 3378)
Completed 200 OK in 26ms (Views: 20.5ms | ActiveRecord: 0.5ms | Allocations: 3693)


Started GET "/candidates" for ::1 at 2022-12-10 16:08:50 +0200
Processing by CandidatesController#index as HTML
  Rendering layout layouts/application.html.erb
  Rendering candidates/index.html.erb within layouts/application
  [1m[36mCandidate Load (0.4ms)[0m  [1m[34mSELECT "candidates".* FROM "candidates"[0m
  ↳ app/views/candidates/index.html.erb:16
  Rendered candidates/index.html.erb within layouts/application (Duration: 4.6ms | Allocations: 1211)
  Rendered home/_header.html.erb (Duration: 235.6ms | Allocations: 10885)
  Rendered layout layouts/application.html.erb (Duration: 258.9ms | Allocations: 15161)
Completed 500 Internal Server Error in 277ms (ActiveRecord: 0.4ms | Allocations: 16011)


  
ActionView::SyntaxErrorInTemplate (Encountered a syntax error while rendering template: check <nav class="navbar navbar-expand-lg navbar-dark bg-primary">
    <div class="container-fluid">
        <%= link_to 'Recruitment Agency' , root_path, class:"navbar-brand" %>
            <button class="navbar-toggler" type="button" data-bs-toggle="collapse"
                data-bs-target="#navbarSupportedContent" aria-controls="navbarSupportedContent" aria-expanded="false"
                aria-label="Toggle navigation">
                <span class="navbar-toggler-icon"></span>
            </button>
            <div class="collapse navbar-collapse" id="navbarSupportedContent">
                <ul class="navbar-nav me-auto mb-2 mb-lg-0">
                    <li class="nav-item " >
                        <%= link_to "Candidates", candidates_path, class:"nav-link", aria-current:"page" %>
                    </li>
                    <li class="nav-item">
                        <%= link_to "Add Candidate" , new_candidate_path , class:"nav-link" %>
                    </li>
                </ul>
                <form class="d-flex" role="search">
                    <input class="form-control me-2" type="search" placeholder="Search" aria-label="Search">
                    <button class="btn btn-outline-success" type="submit">Search</button>
                </form>
            </div>
    </div>
</nav>
):
1:    <nav class="navbar navbar-expand-lg navbar-dark bg-primary">
2:        <div class="container-fluid">
3:            <%= link_to 'Recruitment Agency' , root_path, class:"navbar-brand" %>
4:                <button class="navbar-toggler" type="button" data-bs-toggle="collapse"
5:                    data-bs-target="#navbarSupportedContent" aria-controls="navbarSupportedContent" aria-expanded="false"
6:                    aria-label="Toggle navigation">
7:                    <span class="navbar-toggler-icon"></span>
8:                </button>
9:                <div class="collapse navbar-collapse" id="navbarSupportedContent">
10:                    <ul class="navbar-nav me-auto mb-2 mb-lg-0">
11:                        <li class="nav-item " >
12:                            <%= link_to "Candidates", candidates_path, class:"nav-link", aria-current:"page" %>
13:                        </li>
14:                        <li class="nav-item">
15:                            <%= link_to "Add Candidate" , new_candidate_path , class:"nav-link" %>
16:                        </li>
17:                    </ul>
18:                    <form class="d-flex" role="search">
19:                        <input class="form-control me-2" type="search" placeholder="Search" aria-label="Search">
20:                        <button class="btn btn-outline-success" type="submit">Search</button>
21:                    </form>
22:                </div>
23:        </div>
24:    </nav>
  
app/views/home/_header.html.erb:12: syntax error, unexpected symbol literal, expecting `do' or '{' or '('
app/views/home/_header.html.erb:12: syntax error, unexpected symbol literal, expecting `do' or '{' or '('
app/views/home/_header.html.erb:12: syntax error, unexpected symbol literal, expecting `do' or '{' or '('
app/views/home/_header.html.erb:12: syntax error, unexpected symbol literal, expecting `do' or '{' or '('
app/views/home/_header.html.erb:12: syntax error, unexpected symbol literal, expecting `do' or '{' or '('
app/views/home/_header.html.erb:12: syntax error, unexpected symbol literal, expecting `do' or '{' or '('
app/views/layouts/application.html.erb:18
Started GET "/candidates" for ::1 at 2022-12-10 16:08:59 +0200
Processing by CandidatesController#index as HTML
  Rendering layout layouts/application.html.erb
  Rendering candidates/index.html.erb within layouts/application
  [1m[36mCandidate Load (0.3ms)[0m  [1m[34mSELECT "candidates".* FROM "candidates"[0m
  ↳ app/views/candidates/index.html.erb:16
  Rendered candidates/index.html.erb within layouts/application (Duration: 4.1ms | Allocations: 1211)
  Rendered home/_header.html.erb (Duration: 4.9ms | Allocations: 302)
  Rendered layout layouts/application.html.erb (Duration: 27.8ms | Allocations: 4597)
Completed 200 OK in 44ms (Views: 37.1ms | ActiveRecord: 0.3ms | Allocations: 5453)


Started GET "/candidates/new" for ::1 at 2022-12-10 16:09:03 +0200
Processing by CandidatesController#new as HTML
  Rendering layout layouts/application.html.erb
  Rendering candidates/new.html.erb within layouts/application
  Rendered candidates/_form.html.erb (Duration: 4.9ms | Allocations: 1416)
  Rendered candidates/new.html.erb within layouts/application (Duration: 8.6ms | Allocations: 1694)
  Rendered home/_header.html.erb (Duration: 0.4ms | Allocations: 120)
  Rendered layout layouts/application.html.erb (Duration: 24.1ms | Allocations: 4162)
Completed 200 OK in 31ms (Views: 24.8ms | ActiveRecord: 0.0ms | Allocations: 4542)


Started POST "/candidates" for ::1 at 2022-12-10 16:09:36 +0200
Processing by CandidatesController#create as TURBO_STREAM
  Parameters: {"authenticity_token"=>"[FILTERED]", "candidate"=>{"full_name"=>"John Brown", "gender"=>"Male", "age"=>"43", "speciality"=>"Dantist", "work_experience"=>"14 years - dantist"}, "commit"=>"Create Candidate"}
  [1m[36mTRANSACTION (0.1ms)[0m  [1m[36mbegin transaction[0m
  ↳ app/controllers/candidates_controller.rb:27:in `block in create'
  [1m[36mCandidate Create (4.2ms)[0m  [1m[32mINSERT INTO "candidates" ("full_name", "gender", "age", "speciality", "work_experience", "created_at", "updated_at") VALUES (?, ?, ?, ?, ?, ?, ?)[0m  [["full_name", "John Brown"], ["gender", "Male"], ["age", 43], ["speciality", "Dantist"], ["work_experience", "14 years - dantist"], ["created_at", "2022-12-10 14:09:36.199398"], ["updated_at", "2022-12-10 14:09:36.199398"]]
  ↳ app/controllers/candidates_controller.rb:27:in `block in create'
  [1m[36mTRANSACTION (4.2ms)[0m  [1m[36mcommit transaction[0m
  ↳ app/controllers/candidates_controller.rb:27:in `block in create'
Redirected to http://localhost:3000/candidates/2
Completed 302 Found in 20ms (ActiveRecord: 8.4ms | Allocations: 2421)


Started GET "/candidates/2" for ::1 at 2022-12-10 16:09:36 +0200
Processing by CandidatesController#show as TURBO_STREAM
  Parameters: {"id"=>"2"}
  [1m[36mCandidate Load (0.4ms)[0m  [1m[34mSELECT "candidates".* FROM "candidates" WHERE "candidates"."id" = ? LIMIT ?[0m  [["id", 2], ["LIMIT", 1]]
  ↳ app/controllers/candidates_controller.rb:63:in `set_candidate'
  Rendering layout layouts/application.html.erb
  Rendering candidates/show.html.erb within layouts/application
  Rendered candidates/show.html.erb within layouts/application (Duration: 2.3ms | Allocations: 755)
  Rendered home/_header.html.erb (Duration: 0.3ms | Allocations: 121)
  Rendered layouts/_alerts.html.erb (Duration: 0.8ms | Allocations: 111)
  Rendered layout layouts/application.html.erb (Duration: 19.5ms | Allocations: 3488)
Completed 200 OK in 29ms (Views: 20.8ms | ActiveRecord: 0.4ms | Allocations: 4406)


Started GET "/candidates/2/edit" for ::1 at 2022-12-10 16:09:38 +0200
Processing by CandidatesController#edit as HTML
  Parameters: {"id"=>"2"}
  [1m[36mCandidate Load (0.3ms)[0m  [1m[34mSELECT "candidates".* FROM "candidates" WHERE "candidates"."id" = ? LIMIT ?[0m  [["id", 2], ["LIMIT", 1]]
  ↳ app/controllers/candidates_controller.rb:63:in `set_candidate'
  Rendering layout layouts/application.html.erb
  Rendering candidates/edit.html.erb within layouts/application
  Rendered candidates/_form.html.erb (Duration: 3.3ms | Allocations: 1110)
  Rendered candidates/edit.html.erb within layouts/application (Duration: 4.9ms | Allocations: 1371)
  Rendered home/_header.html.erb (Duration: 0.3ms | Allocations: 120)
  Rendered layout layouts/application.html.erb (Duration: 25.2ms | Allocations: 3831)
Completed 200 OK in 34ms (Views: 26.0ms | ActiveRecord: 0.3ms | Allocations: 4639)


Started PATCH "/candidates/2" for ::1 at 2022-12-10 16:09:41 +0200
Processing by CandidatesController#update as TURBO_STREAM
  Parameters: {"authenticity_token"=>"[FILTERED]", "candidate"=>{"full_name"=>"John Brown", "gender"=>"Male", "age"=>"43", "speciality"=>"Dantist", "work_experience"=>"14 years"}, "commit"=>"Update Candidate", "id"=>"2"}
  [1m[36mCandidate Load (0.3ms)[0m  [1m[34mSELECT "candidates".* FROM "candidates" WHERE "candidates"."id" = ? LIMIT ?[0m  [["id", 2], ["LIMIT", 1]]
  ↳ app/controllers/candidates_controller.rb:63:in `set_candidate'
  [1m[36mTRANSACTION (0.1ms)[0m  [1m[36mbegin transaction[0m
  ↳ app/controllers/candidates_controller.rb:40:in `block in update'
  [1m[36mCandidate Update (3.8ms)[0m  [1m[33mUPDATE "candidates" SET "work_experience" = ?, "updated_at" = ? WHERE "candidates"."id" = ?[0m  [["work_experience", "14 years"], ["updated_at", "2022-12-10 14:09:41.386087"], ["id", 2]]
  ↳ app/controllers/candidates_controller.rb:40:in `block in update'
  [1m[36mTRANSACTION (4.1ms)[0m  [1m[36mcommit transaction[0m
  ↳ app/controllers/candidates_controller.rb:40:in `block in update'
Redirected to http://localhost:3000/candidates/2
Completed 302 Found in 21ms (ActiveRecord: 8.2ms | Allocations: 3031)


Started GET "/candidates/2" for ::1 at 2022-12-10 16:09:41 +0200
Processing by CandidatesController#show as TURBO_STREAM
  Parameters: {"id"=>"2"}
  [1m[36mCandidate Load (0.3ms)[0m  [1m[34mSELECT "candidates".* FROM "candidates" WHERE "candidates"."id" = ? LIMIT ?[0m  [["id", 2], ["LIMIT", 1]]
  ↳ app/controllers/candidates_controller.rb:63:in `set_candidate'
  Rendering layout layouts/application.html.erb
  Rendering candidates/show.html.erb within layouts/application
  Rendered candidates/show.html.erb within layouts/application (Duration: 1.2ms | Allocations: 510)
  Rendered home/_header.html.erb (Duration: 0.3ms | Allocations: 121)
  Rendered layouts/_alerts.html.erb (Duration: 0.1ms | Allocations: 13)
  Rendered layout layouts/application.html.erb (Duration: 15.0ms | Allocations: 3050)
Completed 200 OK in 22ms (Views: 15.6ms | ActiveRecord: 0.3ms | Allocations: 3805)


Started GET "/candidates" for ::1 at 2022-12-10 16:09:44 +0200
Processing by CandidatesController#index as HTML
  Rendering layout layouts/application.html.erb
  Rendering candidates/index.html.erb within layouts/application
  [1m[36mCandidate Load (0.4ms)[0m  [1m[34mSELECT "candidates".* FROM "candidates"[0m
  ↳ app/views/candidates/index.html.erb:16
  Rendered candidates/index.html.erb within layouts/application (Duration: 2.7ms | Allocations: 903)
  Rendered home/_header.html.erb (Duration: 0.3ms | Allocations: 121)
  Rendered layout layouts/application.html.erb (Duration: 17.3ms | Allocations: 3530)
Completed 200 OK in 24ms (Views: 18.3ms | ActiveRecord: 0.4ms | Allocations: 3823)


Started GET "/candidates/1/edit" for ::1 at 2022-12-10 16:09:48 +0200
Processing by CandidatesController#edit as HTML
  Parameters: {"id"=>"1"}
  [1m[36mCandidate Load (0.3ms)[0m  [1m[34mSELECT "candidates".* FROM "candidates" WHERE "candidates"."id" = ? LIMIT ?[0m  [["id", 1], ["LIMIT", 1]]
  ↳ app/controllers/candidates_controller.rb:63:in `set_candidate'
  Rendering layout layouts/application.html.erb
  Rendering candidates/edit.html.erb within layouts/application
  Rendered candidates/_form.html.erb (Duration: 2.8ms | Allocations: 1077)
  Rendered candidates/edit.html.erb within layouts/application (Duration: 3.3ms | Allocations: 1201)
  Rendered home/_header.html.erb (Duration: 0.3ms | Allocations: 120)
  Rendered layout layouts/application.html.erb (Duration: 18.8ms | Allocations: 3661)
Completed 200 OK in 27ms (Views: 19.5ms | ActiveRecord: 0.3ms | Allocations: 4422)


Started PATCH "/candidates/1" for ::1 at 2022-12-10 16:09:54 +0200
Processing by CandidatesController#update as TURBO_STREAM
  Parameters: {"authenticity_token"=>"[FILTERED]", "candidate"=>{"full_name"=>"David Fincher", "gender"=>"Male", "age"=>"54", "speciality"=>"Electrician", "work_experience"=>"22 years"}, "commit"=>"Update Candidate", "id"=>"1"}
  [1m[36mCandidate Load (0.3ms)[0m  [1m[34mSELECT "candidates".* FROM "candidates" WHERE "candidates"."id" = ? LIMIT ?[0m  [["id", 1], ["LIMIT", 1]]
  ↳ app/controllers/candidates_controller.rb:63:in `set_candidate'
  [1m[36mTRANSACTION (0.1ms)[0m  [1m[36mbegin transaction[0m
  ↳ app/controllers/candidates_controller.rb:40:in `block in update'
  [1m[36mCandidate Update (3.3ms)[0m  [1m[33mUPDATE "candidates" SET "work_experience" = ?, "updated_at" = ? WHERE "candidates"."id" = ?[0m  [["work_experience", "22 years"], ["updated_at", "2022-12-10 14:09:54.707125"], ["id", 1]]
  ↳ app/controllers/candidates_controller.rb:40:in `block in update'
  [1m[36mTRANSACTION (4.8ms)[0m  [1m[36mcommit transaction[0m
  ↳ app/controllers/candidates_controller.rb:40:in `block in update'
Redirected to http://localhost:3000/candidates/1
Completed 302 Found in 22ms (ActiveRecord: 8.4ms | Allocations: 2813)


Started GET "/candidates/1" for ::1 at 2022-12-10 16:09:54 +0200
Processing by CandidatesController#show as TURBO_STREAM
  Parameters: {"id"=>"1"}
  [1m[36mCandidate Load (0.3ms)[0m  [1m[34mSELECT "candidates".* FROM "candidates" WHERE "candidates"."id" = ? LIMIT ?[0m  [["id", 1], ["LIMIT", 1]]
  ↳ app/controllers/candidates_controller.rb:63:in `set_candidate'
  Rendering layout layouts/application.html.erb
  Rendering candidates/show.html.erb within layouts/application
  Rendered candidates/show.html.erb within layouts/application (Duration: 1.7ms | Allocations: 531)
  Rendered home/_header.html.erb (Duration: 0.3ms | Allocations: 121)
  Rendered layouts/_alerts.html.erb (Duration: 0.1ms | Allocations: 13)
  Rendered layout layouts/application.html.erb (Duration: 15.5ms | Allocations: 3070)
Completed 200 OK in 23ms (Views: 16.4ms | ActiveRecord: 0.3ms | Allocations: 3825)


Started GET "/candidates" for ::1 at 2022-12-10 16:09:56 +0200
Processing by CandidatesController#index as HTML
  Rendering layout layouts/application.html.erb
  Rendering candidates/index.html.erb within layouts/application
  [1m[36mCandidate Load (0.3ms)[0m  [1m[34mSELECT "candidates".* FROM "candidates"[0m
  ↳ app/views/candidates/index.html.erb:16
  Rendered candidates/index.html.erb within layouts/application (Duration: 3.1ms | Allocations: 903)
  Rendered home/_header.html.erb (Duration: 0.3ms | Allocations: 121)
  Rendered layout layouts/application.html.erb (Duration: 18.3ms | Allocations: 3509)
Completed 200 OK in 24ms (Views: 18.7ms | ActiveRecord: 0.3ms | Allocations: 3800)


Started GET "/candidates/new" for ::1 at 2022-12-10 16:09:58 +0200
Processing by CandidatesController#new as HTML
  Rendering layout layouts/application.html.erb
  Rendering candidates/new.html.erb within layouts/application
  Rendered candidates/_form.html.erb (Duration: 2.6ms | Allocations: 955)
  Rendered candidates/new.html.erb within layouts/application (Duration: 3.0ms | Allocations: 1054)
  Rendered home/_header.html.erb (Duration: 0.3ms | Allocations: 120)
  Rendered layout layouts/application.html.erb (Duration: 17.3ms | Allocations: 3522)
Completed 200 OK in 23ms (Views: 18.0ms | ActiveRecord: 0.0ms | Allocations: 3818)


Started POST "/candidates" for ::1 at 2022-12-10 16:10:25 +0200
Processing by CandidatesController#create as TURBO_STREAM
  Parameters: {"authenticity_token"=>"[FILTERED]", "candidate"=>{"full_name"=>"Germiona Wallis", "gender"=>"Female", "age"=>"24", "speciality"=>"Nurse", "work_experience"=>"1,5 year"}, "commit"=>"Create Candidate"}
  [1m[36mTRANSACTION (0.1ms)[0m  [1m[36mbegin transaction[0m
  ↳ app/controllers/candidates_controller.rb:27:in `block in create'
  [1m[36mCandidate Create (2.8ms)[0m  [1m[32mINSERT INTO "candidates" ("full_name", "gender", "age", "speciality", "work_experience", "created_at", "updated_at") VALUES (?, ?, ?, ?, ?, ?, ?)[0m  [["full_name", "Germiona Wallis"], ["gender", "Female"], ["age", 24], ["speciality", "Nurse"], ["work_experience", "1,5 year"], ["created_at", "2022-12-10 14:10:26.045774"], ["updated_at", "2022-12-10 14:10:26.045774"]]
  ↳ app/controllers/candidates_controller.rb:27:in `block in create'
  [1m[36mTRANSACTION (4.3ms)[0m  [1m[36mcommit transaction[0m
  ↳ app/controllers/candidates_controller.rb:27:in `block in create'
Redirected to http://localhost:3000/candidates/3
Completed 302 Found in 19ms (ActiveRecord: 7.2ms | Allocations: 2306)


Started GET "/candidates/3" for ::1 at 2022-12-10 16:10:26 +0200
Processing by CandidatesController#show as TURBO_STREAM
  Parameters: {"id"=>"3"}
  [1m[36mCandidate Load (0.3ms)[0m  [1m[34mSELECT "candidates".* FROM "candidates" WHERE "candidates"."id" = ? LIMIT ?[0m  [["id", 3], ["LIMIT", 1]]
  ↳ app/controllers/candidates_controller.rb:63:in `set_candidate'
  Rendering layout layouts/application.html.erb
  Rendering candidates/show.html.erb within layouts/application
  Rendered candidates/show.html.erb within layouts/application (Duration: 1.3ms | Allocations: 525)
  Rendered home/_header.html.erb (Duration: 0.3ms | Allocations: 121)
  Rendered layouts/_alerts.html.erb (Duration: 0.1ms | Allocations: 13)
  Rendered layout layouts/application.html.erb (Duration: 15.5ms | Allocations: 3064)
Completed 200 OK in 23ms (Views: 16.2ms | ActiveRecord: 0.3ms | Allocations: 3819)


Started GET "/candidates" for ::1 at 2022-12-10 16:10:28 +0200
Processing by CandidatesController#index as HTML
  Rendering layout layouts/application.html.erb
  Rendering candidates/index.html.erb within layouts/application
  [1m[36mCandidate Load (0.3ms)[0m  [1m[34mSELECT "candidates".* FROM "candidates"[0m
  ↳ app/views/candidates/index.html.erb:16
  Rendered candidates/index.html.erb within layouts/application (Duration: 4.1ms | Allocations: 1061)
  Rendered home/_header.html.erb (Duration: 0.3ms | Allocations: 121)
  Rendered layout layouts/application.html.erb (Duration: 21.2ms | Allocations: 3688)
Completed 200 OK in 26ms (Views: 21.6ms | ActiveRecord: 0.3ms | Allocations: 3979)


Started GET "/candidates/new" for ::1 at 2022-12-10 16:10:30 +0200
Processing by CandidatesController#new as HTML
  Rendering layout layouts/application.html.erb
  Rendering candidates/new.html.erb within layouts/application
  Rendered candidates/_form.html.erb (Duration: 2.3ms | Allocations: 973)
  Rendered candidates/new.html.erb within layouts/application (Duration: 2.7ms | Allocations: 1072)
  Rendered home/_header.html.erb (Duration: 0.4ms | Allocations: 120)
  Rendered layout layouts/application.html.erb (Duration: 18.1ms | Allocations: 3540)
Completed 200 OK in 24ms (Views: 19.4ms | ActiveRecord: 0.0ms | Allocations: 3836)


Started POST "/candidates" for ::1 at 2022-12-10 16:11:28 +0200
Processing by CandidatesController#create as TURBO_STREAM
  Parameters: {"authenticity_token"=>"[FILTERED]", "candidate"=>{"full_name"=>"John Doe", "gender"=>"Male", "age"=>"27", "speciality"=>"SEO Analityc", "work_experience"=>"4 years  - Like project Manager"}, "commit"=>"Create Candidate"}
  [1m[36mTRANSACTION (0.1ms)[0m  [1m[36mbegin transaction[0m
  ↳ app/controllers/candidates_controller.rb:27:in `block in create'
  [1m[36mCandidate Create (3.6ms)[0m  [1m[32mINSERT INTO "candidates" ("full_name", "gender", "age", "speciality", "work_experience", "created_at", "updated_at") VALUES (?, ?, ?, ?, ?, ?, ?)[0m  [["full_name", "John Doe"], ["gender", "Male"], ["age", 27], ["speciality", "SEO Analityc"], ["work_experience", "4 years  - Like project Manager"], ["created_at", "2022-12-10 14:11:28.361457"], ["updated_at", "2022-12-10 14:11:28.361457"]]
  ↳ app/controllers/candidates_controller.rb:27:in `block in create'
  [1m[36mTRANSACTION (4.6ms)[0m  [1m[36mcommit transaction[0m
  ↳ app/controllers/candidates_controller.rb:27:in `block in create'
Redirected to http://localhost:3000/candidates/4
Completed 302 Found in 20ms (ActiveRecord: 8.4ms | Allocations: 2316)


Started GET "/candidates/4" for ::1 at 2022-12-10 16:11:28 +0200
Processing by CandidatesController#show as TURBO_STREAM
  Parameters: {"id"=>"4"}
  [1m[36mCandidate Load (0.3ms)[0m  [1m[34mSELECT "candidates".* FROM "candidates" WHERE "candidates"."id" = ? LIMIT ?[0m  [["id", 4], ["LIMIT", 1]]
  ↳ app/controllers/candidates_controller.rb:63:in `set_candidate'
  Rendering layout layouts/application.html.erb
  Rendering candidates/show.html.erb within layouts/application
  Rendered candidates/show.html.erb within layouts/application (Duration: 1.1ms | Allocations: 538)
  Rendered home/_header.html.erb (Duration: 0.3ms | Allocations: 121)
  Rendered layouts/_alerts.html.erb (Duration: 0.1ms | Allocations: 13)
  Rendered layout layouts/application.html.erb (Duration: 14.7ms | Allocations: 3077)
Completed 200 OK in 22ms (Views: 16.1ms | ActiveRecord: 0.3ms | Allocations: 3832)


Started GET "/candidates" for ::1 at 2022-12-10 16:11:34 +0200
Processing by CandidatesController#index as HTML
  Rendering layout layouts/application.html.erb
  Rendering candidates/index.html.erb within layouts/application
  [1m[36mCandidate Load (0.3ms)[0m  [1m[34mSELECT "candidates".* FROM "candidates"[0m
  ↳ app/views/candidates/index.html.erb:16
  Rendered candidates/index.html.erb within layouts/application (Duration: 4.4ms | Allocations: 1221)
  Rendered home/_header.html.erb (Duration: 0.3ms | Allocations: 121)
  Rendered layout layouts/application.html.erb (Duration: 19.1ms | Allocations: 3851)
Completed 200 OK in 25ms (Views: 19.5ms | ActiveRecord: 0.3ms | Allocations: 4142)


Started GET "/candidates/new" for ::1 at 2022-12-10 16:11:40 +0200
Processing by CandidatesController#new as HTML
  Rendering layout layouts/application.html.erb
  Rendering candidates/new.html.erb within layouts/application
  Rendered candidates/_form.html.erb (Duration: 2.5ms | Allocations: 967)
  Rendered candidates/new.html.erb within layouts/application (Duration: 3.0ms | Allocations: 1066)
  Rendered home/_header.html.erb (Duration: 0.3ms | Allocations: 120)
  Rendered layout layouts/application.html.erb (Duration: 18.1ms | Allocations: 3534)
Completed 200 OK in 24ms (Views: 18.8ms | ActiveRecord: 0.0ms | Allocations: 3830)


Started POST "/candidates" for ::1 at 2022-12-10 16:12:32 +0200
Processing by CandidatesController#create as TURBO_STREAM
  Parameters: {"authenticity_token"=>"[FILTERED]", "candidate"=>{"full_name"=>"Diana Lopez", "gender"=>"Female", "age"=>"33", "speciality"=>"Teacher", "work_experience"=>"7 years "}, "commit"=>"Create Candidate"}
  [1m[36mTRANSACTION (0.1ms)[0m  [1m[36mbegin transaction[0m
  ↳ app/controllers/candidates_controller.rb:27:in `block in create'
  [1m[36mCandidate Create (3.5ms)[0m  [1m[32mINSERT INTO "candidates" ("full_name", "gender", "age", "speciality", "work_experience", "created_at", "updated_at") VALUES (?, ?, ?, ?, ?, ?, ?)[0m  [["full_name", "Diana Lopez"], ["gender", "Female"], ["age", 33], ["speciality", "Teacher"], ["work_experience", "7 years "], ["created_at", "2022-12-10 14:12:32.942803"], ["updated_at", "2022-12-10 14:12:32.942803"]]
  ↳ app/controllers/candidates_controller.rb:27:in `block in create'
  [1m[36mTRANSACTION (5.1ms)[0m  [1m[36mcommit transaction[0m
  ↳ app/controllers/candidates_controller.rb:27:in `block in create'
Redirected to http://localhost:3000/candidates/5
Completed 302 Found in 23ms (ActiveRecord: 8.7ms | Allocations: 2312)


Started GET "/candidates/5" for ::1 at 2022-12-10 16:12:32 +0200
Processing by CandidatesController#show as TURBO_STREAM
  Parameters: {"id"=>"5"}
  [1m[36mCandidate Load (0.3ms)[0m  [1m[34mSELECT "candidates".* FROM "candidates" WHERE "candidates"."id" = ? LIMIT ?[0m  [["id", 5], ["LIMIT", 1]]
  ↳ app/controllers/candidates_controller.rb:63:in `set_candidate'
  Rendering layout layouts/application.html.erb
  Rendering candidates/show.html.erb within layouts/application
  Rendered candidates/show.html.erb within layouts/application (Duration: 1.2ms | Allocations: 516)
  Rendered home/_header.html.erb (Duration: 0.3ms | Allocations: 121)
  Rendered layouts/_alerts.html.erb (Duration: 0.1ms | Allocations: 13)
  Rendered layout layouts/application.html.erb (Duration: 15.0ms | Allocations: 3055)
Completed 200 OK in 23ms (Views: 16.1ms | ActiveRecord: 0.3ms | Allocations: 3810)


Started GET "/candidates/5/edit" for ::1 at 2022-12-10 16:12:36 +0200
Processing by CandidatesController#edit as HTML
  Parameters: {"id"=>"5"}
  [1m[36mCandidate Load (0.4ms)[0m  [1m[34mSELECT "candidates".* FROM "candidates" WHERE "candidates"."id" = ? LIMIT ?[0m  [["id", 5], ["LIMIT", 1]]
  ↳ app/controllers/candidates_controller.rb:63:in `set_candidate'
  Rendering layout layouts/application.html.erb
  Rendering candidates/edit.html.erb within layouts/application
  Rendered candidates/_form.html.erb (Duration: 2.4ms | Allocations: 1083)
  Rendered candidates/edit.html.erb within layouts/application (Duration: 2.9ms | Allocations: 1207)
  Rendered home/_header.html.erb (Duration: 0.9ms | Allocations: 120)
  Rendered layout layouts/application.html.erb (Duration: 17.8ms | Allocations: 3667)
Completed 200 OK in 25ms (Views: 18.6ms | ActiveRecord: 0.4ms | Allocations: 4421)


Started PATCH "/candidates/5" for ::1 at 2022-12-10 16:12:40 +0200
Processing by CandidatesController#update as TURBO_STREAM
  Parameters: {"authenticity_token"=>"[FILTERED]", "candidate"=>{"full_name"=>"Diana Lopez", "gender"=>"Female", "age"=>"33", "speciality"=>"Teacher ", "work_experience"=>"7 years "}, "commit"=>"Update Candidate", "id"=>"5"}
  [1m[36mCandidate Load (0.3ms)[0m  [1m[34mSELECT "candidates".* FROM "candidates" WHERE "candidates"."id" = ? LIMIT ?[0m  [["id", 5], ["LIMIT", 1]]
  ↳ app/controllers/candidates_controller.rb:63:in `set_candidate'
  [1m[36mTRANSACTION (0.1ms)[0m  [1m[36mbegin transaction[0m
  ↳ app/controllers/candidates_controller.rb:40:in `block in update'
  [1m[36mCandidate Update (3.8ms)[0m  [1m[33mUPDATE "candidates" SET "speciality" = ?, "updated_at" = ? WHERE "candidates"."id" = ?[0m  [["speciality", "Teacher "], ["updated_at", "2022-12-10 14:12:40.685760"], ["id", 5]]
  ↳ app/controllers/candidates_controller.rb:40:in `block in update'
  [1m[36mTRANSACTION (5.0ms)[0m  [1m[36mcommit transaction[0m
  ↳ app/controllers/candidates_controller.rb:40:in `block in update'
Redirected to http://localhost:3000/candidates/5
Completed 302 Found in 23ms (ActiveRecord: 9.2ms | Allocations: 2818)


Started GET "/candidates/5" for ::1 at 2022-12-10 16:12:40 +0200
Processing by CandidatesController#show as TURBO_STREAM
  Parameters: {"id"=>"5"}
  [1m[36mCandidate Load (0.3ms)[0m  [1m[34mSELECT "candidates".* FROM "candidates" WHERE "candidates"."id" = ? LIMIT ?[0m  [["id", 5], ["LIMIT", 1]]
  ↳ app/controllers/candidates_controller.rb:63:in `set_candidate'
  Rendering layout layouts/application.html.erb
  Rendering candidates/show.html.erb within layouts/application
  Rendered candidates/show.html.erb within layouts/application (Duration: 1.2ms | Allocations: 513)
  Rendered home/_header.html.erb (Duration: 0.3ms | Allocations: 121)
  Rendered layouts/_alerts.html.erb (Duration: 0.1ms | Allocations: 13)
  Rendered layout layouts/application.html.erb (Duration: 14.4ms | Allocations: 3053)
Completed 200 OK in 21ms (Views: 15.1ms | ActiveRecord: 0.3ms | Allocations: 3808)


Started GET "/candidates/5/edit" for ::1 at 2022-12-10 16:12:44 +0200
Processing by CandidatesController#edit as HTML
  Parameters: {"id"=>"5"}
  [1m[36mCandidate Load (0.3ms)[0m  [1m[34mSELECT "candidates".* FROM "candidates" WHERE "candidates"."id" = ? LIMIT ?[0m  [["id", 5], ["LIMIT", 1]]
  ↳ app/controllers/candidates_controller.rb:63:in `set_candidate'
  Rendering layout layouts/application.html.erb
  Rendering candidates/edit.html.erb within layouts/application
  Rendered candidates/_form.html.erb (Duration: 3.5ms | Allocations: 1083)
  Rendered candidates/edit.html.erb within layouts/application (Duration: 4.1ms | Allocations: 1207)
  Rendered home/_header.html.erb (Duration: 0.7ms | Allocations: 120)
  Rendered layout layouts/application.html.erb (Duration: 18.6ms | Allocations: 3667)
Completed 200 OK in 29ms (Views: 22.5ms | ActiveRecord: 0.3ms | Allocations: 4421)


Started PATCH "/candidates/5" for ::1 at 2022-12-10 16:12:49 +0200
Processing by CandidatesController#update as TURBO_STREAM
  Parameters: {"authenticity_token"=>"[FILTERED]", "candidate"=>{"full_name"=>"Diana Lopez", "gender"=>"Female", "age"=>"33", "speciality"=>"Teacher/Tutor", "work_experience"=>"7 years "}, "commit"=>"Update Candidate", "id"=>"5"}
  [1m[36mCandidate Load (0.3ms)[0m  [1m[34mSELECT "candidates".* FROM "candidates" WHERE "candidates"."id" = ? LIMIT ?[0m  [["id", 5], ["LIMIT", 1]]
  ↳ app/controllers/candidates_controller.rb:63:in `set_candidate'
  [1m[36mTRANSACTION (0.1ms)[0m  [1m[36mbegin transaction[0m
  ↳ app/controllers/candidates_controller.rb:40:in `block in update'
  [1m[36mCandidate Update (3.4ms)[0m  [1m[33mUPDATE "candidates" SET "speciality" = ?, "updated_at" = ? WHERE "candidates"."id" = ?[0m  [["speciality", "Teacher/Tutor"], ["updated_at", "2022-12-10 14:12:49.876718"], ["id", 5]]
  ↳ app/controllers/candidates_controller.rb:40:in `block in update'
  [1m[36mTRANSACTION (4.7ms)[0m  [1m[36mcommit transaction[0m
  ↳ app/controllers/candidates_controller.rb:40:in `block in update'
Redirected to http://localhost:3000/candidates/5
Completed 302 Found in 23ms (ActiveRecord: 8.5ms | Allocations: 2827)


Started GET "/candidates/5" for ::1 at 2022-12-10 16:12:49 +0200
Processing by CandidatesController#show as TURBO_STREAM
  Parameters: {"id"=>"5"}
  [1m[36mCandidate Load (0.3ms)[0m  [1m[34mSELECT "candidates".* FROM "candidates" WHERE "candidates"."id" = ? LIMIT ?[0m  [["id", 5], ["LIMIT", 1]]
  ↳ app/controllers/candidates_controller.rb:63:in `set_candidate'
  Rendering layout layouts/application.html.erb
  Rendering candidates/show.html.erb within layouts/application
  Rendered candidates/show.html.erb within layouts/application (Duration: 1.2ms | Allocations: 528)
  Rendered home/_header.html.erb (Duration: 0.3ms | Allocations: 121)
  Rendered layouts/_alerts.html.erb (Duration: 0.1ms | Allocations: 13)
  Rendered layout layouts/application.html.erb (Duration: 14.6ms | Allocations: 3067)
Completed 200 OK in 22ms (Views: 15.5ms | ActiveRecord: 0.3ms | Allocations: 3822)


Started GET "/candidates" for ::1 at 2022-12-10 16:12:52 +0200
Processing by CandidatesController#index as HTML
  Rendering layout layouts/application.html.erb
  Rendering candidates/index.html.erb within layouts/application
  [1m[36mCandidate Load (0.9ms)[0m  [1m[34mSELECT "candidates".* FROM "candidates"[0m
  ↳ app/views/candidates/index.html.erb:16
  Rendered candidates/index.html.erb within layouts/application (Duration: 4.5ms | Allocations: 1379)
  Rendered home/_header.html.erb (Duration: 0.3ms | Allocations: 121)
  Rendered layout layouts/application.html.erb (Duration: 22.0ms | Allocations: 4024)
Completed 200 OK in 27ms (Views: 21.9ms | ActiveRecord: 0.9ms | Allocations: 4315)


Started GET "/candidates/new" for ::1 at 2022-12-10 16:12:54 +0200
Processing by CandidatesController#new as HTML
  Rendering layout layouts/application.html.erb
  Rendering candidates/new.html.erb within layouts/application
  Rendered candidates/_form.html.erb (Duration: 2.1ms | Allocations: 976)
  Rendered candidates/new.html.erb within layouts/application (Duration: 2.6ms | Allocations: 1075)
  Rendered home/_header.html.erb (Duration: 0.6ms | Allocations: 120)
  Rendered layout layouts/application.html.erb (Duration: 18.7ms | Allocations: 3544)
Completed 200 OK in 26ms (Views: 19.4ms | ActiveRecord: 0.0ms | Allocations: 3840)


Started POST "/candidates" for ::1 at 2022-12-10 16:13:07 +0200
Processing by CandidatesController#create as TURBO_STREAM
  Parameters: {"authenticity_token"=>"[FILTERED]", "candidate"=>{"full_name"=>"Bob Robinson", "gender"=>"Male", "age"=>"", "speciality"=>"", "work_experience"=>""}, "commit"=>"Create Candidate"}
  [1m[36mTRANSACTION (0.1ms)[0m  [1m[36mbegin transaction[0m
  ↳ app/controllers/candidates_controller.rb:27:in `block in create'
  [1m[36mCandidate Create (3.9ms)[0m  [1m[32mINSERT INTO "candidates" ("full_name", "gender", "age", "speciality", "work_experience", "created_at", "updated_at") VALUES (?, ?, ?, ?, ?, ?, ?)[0m  [["full_name", "Bob Robinson"], ["gender", "Male"], ["age", nil], ["speciality", ""], ["work_experience", ""], ["created_at", "2022-12-10 14:13:07.325293"], ["updated_at", "2022-12-10 14:13:07.325293"]]
  ↳ app/controllers/candidates_controller.rb:27:in `block in create'
  [1m[36mTRANSACTION (4.6ms)[0m  [1m[36mcommit transaction[0m
  ↳ app/controllers/candidates_controller.rb:27:in `block in create'
Redirected to http://localhost:3000/candidates/6
Completed 302 Found in 20ms (ActiveRecord: 8.6ms | Allocations: 2272)


Started GET "/candidates/6" for ::1 at 2022-12-10 16:13:07 +0200
Processing by CandidatesController#show as TURBO_STREAM
  Parameters: {"id"=>"6"}
  [1m[36mCandidate Load (0.3ms)[0m  [1m[34mSELECT "candidates".* FROM "candidates" WHERE "candidates"."id" = ? LIMIT ?[0m  [["id", 6], ["LIMIT", 1]]
  ↳ app/controllers/candidates_controller.rb:63:in `set_candidate'
  Rendering layout layouts/application.html.erb
  Rendering candidates/show.html.erb within layouts/application
  Rendered candidates/show.html.erb within layouts/application (Duration: 1.6ms | Allocations: 523)
  Rendered home/_header.html.erb (Duration: 0.3ms | Allocations: 121)
  Rendered layouts/_alerts.html.erb (Duration: 0.1ms | Allocations: 13)
  Rendered layout layouts/application.html.erb (Duration: 15.0ms | Allocations: 3063)
Completed 200 OK in 22ms (Views: 15.6ms | ActiveRecord: 0.3ms | Allocations: 3818)


Started GET "/candidates/6/edit" for ::1 at 2022-12-10 16:13:09 +0200
Processing by CandidatesController#edit as HTML
  Parameters: {"id"=>"6"}
  [1m[36mCandidate Load (0.3ms)[0m  [1m[34mSELECT "candidates".* FROM "candidates" WHERE "candidates"."id" = ? LIMIT ?[0m  [["id", 6], ["LIMIT", 1]]
  ↳ app/controllers/candidates_controller.rb:63:in `set_candidate'
  Rendering layout layouts/application.html.erb
  Rendering candidates/edit.html.erb within layouts/application
  Rendered candidates/_form.html.erb (Duration: 2.6ms | Allocations: 1074)
  Rendered candidates/edit.html.erb within layouts/application (Duration: 3.1ms | Allocations: 1198)
  Rendered home/_header.html.erb (Duration: 0.3ms | Allocations: 120)
  Rendered layout layouts/application.html.erb (Duration: 17.1ms | Allocations: 3658)
Completed 200 OK in 24ms (Views: 17.7ms | ActiveRecord: 0.3ms | Allocations: 4412)


Started PATCH "/candidates/6" for ::1 at 2022-12-10 16:14:02 +0200
Processing by CandidatesController#update as TURBO_STREAM
  Parameters: {"authenticity_token"=>"[FILTERED]", "candidate"=>{"full_name"=>"Bob Robinson", "gender"=>"Male", "age"=>"27", "speciality"=>"Lawyer", "work_experience"=>"3 years of job"}, "commit"=>"Update Candidate", "id"=>"6"}
  [1m[36mCandidate Load (0.3ms)[0m  [1m[34mSELECT "candidates".* FROM "candidates" WHERE "candidates"."id" = ? LIMIT ?[0m  [["id", 6], ["LIMIT", 1]]
  ↳ app/controllers/candidates_controller.rb:63:in `set_candidate'
  [1m[36mTRANSACTION (0.1ms)[0m  [1m[36mbegin transaction[0m
  ↳ app/controllers/candidates_controller.rb:40:in `block in update'
  [1m[36mCandidate Update (3.5ms)[0m  [1m[33mUPDATE "candidates" SET "age" = ?, "speciality" = ?, "work_experience" = ?, "updated_at" = ? WHERE "candidates"."id" = ?[0m  [["age", 27], ["speciality", "Lawyer"], ["work_experience", "3 years of job"], ["updated_at", "2022-12-10 14:14:02.660400"], ["id", 6]]
  ↳ app/controllers/candidates_controller.rb:40:in `block in update'
  [1m[36mTRANSACTION (4.4ms)[0m  [1m[36mcommit transaction[0m
  ↳ app/controllers/candidates_controller.rb:40:in `block in update'
Redirected to http://localhost:3000/candidates/6
Completed 302 Found in 23ms (ActiveRecord: 8.3ms | Allocations: 2827)


Started GET "/candidates/6" for ::1 at 2022-12-10 16:14:02 +0200
Processing by CandidatesController#show as TURBO_STREAM
  Parameters: {"id"=>"6"}
  [1m[36mCandidate Load (0.3ms)[0m  [1m[34mSELECT "candidates".* FROM "candidates" WHERE "candidates"."id" = ? LIMIT ?[0m  [["id", 6], ["LIMIT", 1]]
  ↳ app/controllers/candidates_controller.rb:63:in `set_candidate'
  Rendering layout layouts/application.html.erb
  Rendering candidates/show.html.erb within layouts/application
  Rendered candidates/show.html.erb within layouts/application (Duration: 1.3ms | Allocations: 519)
  Rendered home/_header.html.erb (Duration: 0.6ms | Allocations: 121)
  Rendered layouts/_alerts.html.erb (Duration: 0.1ms | Allocations: 13)
  Rendered layout layouts/application.html.erb (Duration: 15.3ms | Allocations: 3058)
Completed 200 OK in 23ms (Views: 16.3ms | ActiveRecord: 0.3ms | Allocations: 3813)


Started GET "/candidates/6/edit" for ::1 at 2022-12-10 16:14:06 +0200
Processing by CandidatesController#edit as HTML
  Parameters: {"id"=>"6"}
  [1m[36mCandidate Load (0.3ms)[0m  [1m[34mSELECT "candidates".* FROM "candidates" WHERE "candidates"."id" = ? LIMIT ?[0m  [["id", 6], ["LIMIT", 1]]
  ↳ app/controllers/candidates_controller.rb:63:in `set_candidate'
  Rendering layout layouts/application.html.erb
  Rendering candidates/edit.html.erb within layouts/application
  Rendered candidates/_form.html.erb (Duration: 2.4ms | Allocations: 1071)
  Rendered candidates/edit.html.erb within layouts/application (Duration: 3.0ms | Allocations: 1195)
  Rendered home/_header.html.erb (Duration: 0.3ms | Allocations: 120)
  Rendered layout layouts/application.html.erb (Duration: 16.8ms | Allocations: 3655)
Completed 200 OK in 24ms (Views: 17.7ms | ActiveRecord: 0.3ms | Allocations: 4409)


Started PATCH "/candidates/6" for ::1 at 2022-12-10 16:14:18 +0200
Processing by CandidatesController#update as TURBO_STREAM
  Parameters: {"authenticity_token"=>"[FILTERED]", "candidate"=>{"full_name"=>"Bob Robinson", "gender"=>"Male", "age"=>"27", "speciality"=>"Lawyer", "work_experience"=>"1.5 years of practice"}, "commit"=>"Update Candidate", "id"=>"6"}
  [1m[36mCandidate Load (0.3ms)[0m  [1m[34mSELECT "candidates".* FROM "candidates" WHERE "candidates"."id" = ? LIMIT ?[0m  [["id", 6], ["LIMIT", 1]]
  ↳ app/controllers/candidates_controller.rb:63:in `set_candidate'
  [1m[36mTRANSACTION (0.1ms)[0m  [1m[36mbegin transaction[0m
  ↳ app/controllers/candidates_controller.rb:40:in `block in update'
  [1m[36mCandidate Update (3.4ms)[0m  [1m[33mUPDATE "candidates" SET "work_experience" = ?, "updated_at" = ? WHERE "candidates"."id" = ?[0m  [["work_experience", "1.5 years of practice"], ["updated_at", "2022-12-10 14:14:18.481099"], ["id", 6]]
  ↳ app/controllers/candidates_controller.rb:40:in `block in update'
  [1m[36mTRANSACTION (4.3ms)[0m  [1m[36mcommit transaction[0m
  ↳ app/controllers/candidates_controller.rb:40:in `block in update'
Redirected to http://localhost:3000/candidates/6
Completed 302 Found in 23ms (ActiveRecord: 8.1ms | Allocations: 2806)


Started GET "/candidates/6" for ::1 at 2022-12-10 16:14:18 +0200
Processing by CandidatesController#show as TURBO_STREAM
  Parameters: {"id"=>"6"}
  [1m[36mCandidate Load (0.3ms)[0m  [1m[34mSELECT "candidates".* FROM "candidates" WHERE "candidates"."id" = ? LIMIT ?[0m  [["id", 6], ["LIMIT", 1]]
  ↳ app/controllers/candidates_controller.rb:63:in `set_candidate'
  Rendering layout layouts/application.html.erb
  Rendering candidates/show.html.erb within layouts/application
  Rendered candidates/show.html.erb within layouts/application (Duration: 1.1ms | Allocations: 513)
  Rendered home/_header.html.erb (Duration: 0.3ms | Allocations: 121)
  Rendered layouts/_alerts.html.erb (Duration: 0.1ms | Allocations: 13)
  Rendered layout layouts/application.html.erb (Duration: 14.6ms | Allocations: 3052)
Completed 200 OK in 22ms (Views: 15.3ms | ActiveRecord: 0.3ms | Allocations: 3807)


Started GET "/candidates" for ::1 at 2022-12-10 16:14:20 +0200
Processing by CandidatesController#index as HTML
  Rendering layout layouts/application.html.erb
  Rendering candidates/index.html.erb within layouts/application
  [1m[36mCandidate Load (0.8ms)[0m  [1m[34mSELECT "candidates".* FROM "candidates"[0m
  ↳ app/views/candidates/index.html.erb:16
  Rendered candidates/index.html.erb within layouts/application (Duration: 4.7ms | Allocations: 1537)
  Rendered home/_header.html.erb (Duration: 0.3ms | Allocations: 121)
  Rendered layout layouts/application.html.erb (Duration: 17.8ms | Allocations: 4164)
Completed 200 OK in 23ms (Views: 17.7ms | ActiveRecord: 0.8ms | Allocations: 4455)


Started GET "/" for ::1 at 2022-12-10 16:14:31 +0200
Processing by HomeController#index as HTML
  Rendering layout layouts/application.html.erb
  Rendering home/index.html.erb within layouts/application
  Rendered home/index.html.erb within layouts/application (Duration: 1.1ms | Allocations: 111)
  Rendered home/_header.html.erb (Duration: 0.4ms | Allocations: 167)
  Rendered layout layouts/application.html.erb (Duration: 21.9ms | Allocations: 3100)
Completed 200 OK in 36ms (Views: 31.2ms | ActiveRecord: 0.0ms | Allocations: 3664)


Started GET "/" for ::1 at 2022-12-10 16:14:57 +0200
Processing by HomeController#index as HTML
  Rendering layout layouts/application.html.erb
  Rendering home/index.html.erb within layouts/application
  Rendered home/index.html.erb within layouts/application (Duration: 0.1ms | Allocations: 7)
  Rendered home/_header.html.erb (Duration: 0.3ms | Allocations: 130)
  Rendered layout layouts/application.html.erb (Duration: 16.5ms | Allocations: 2651)
Completed 200 OK in 24ms (Views: 17.2ms | ActiveRecord: 0.0ms | Allocations: 2950)


Started GET "/candidates/new" for ::1 at 2022-12-10 16:15:22 +0200
Processing by CandidatesController#new as HTML
  Rendering layout layouts/application.html.erb
  Rendering candidates/new.html.erb within layouts/application
  Rendered candidates/_form.html.erb (Duration: 2.8ms | Allocations: 1045)
  Rendered candidates/new.html.erb within layouts/application (Duration: 3.2ms | Allocations: 1144)
  Rendered home/_header.html.erb (Duration: 0.3ms | Allocations: 120)
  Rendered layout layouts/application.html.erb (Duration: 17.1ms | Allocations: 3612)
Completed 200 OK in 23ms (Views: 17.9ms | ActiveRecord: 0.0ms | Allocations: 3917)


Started GET "/candidates" for ::1 at 2022-12-10 16:15:42 +0200
Processing by CandidatesController#index as HTML
  Rendering layout layouts/application.html.erb
  Rendering candidates/index.html.erb within layouts/application
  [1m[36mCandidate Load (0.4ms)[0m  [1m[34mSELECT "candidates".* FROM "candidates"[0m
  ↳ app/views/candidates/index.html.erb:16
  Rendered candidates/index.html.erb within layouts/application (Duration: 7.3ms | Allocations: 1613)
  Rendered home/_header.html.erb (Duration: 0.4ms | Allocations: 121)
  Rendered layout layouts/application.html.erb (Duration: 27.4ms | Allocations: 4243)
Completed 200 OK in 33ms (Views: 28.1ms | ActiveRecord: 0.4ms | Allocations: 4536)


Started GET "/candidates/5" for ::1 at 2022-12-10 16:15:49 +0200
Processing by CandidatesController#show as HTML
  Parameters: {"id"=>"5"}
  [1m[36mCandidate Load (0.3ms)[0m  [1m[34mSELECT "candidates".* FROM "candidates" WHERE "candidates"."id" = ? LIMIT ?[0m  [["id", 5], ["LIMIT", 1]]
  ↳ app/controllers/candidates_controller.rb:63:in `set_candidate'
  Rendering layout layouts/application.html.erb
  Rendering candidates/show.html.erb within layouts/application
  Rendered candidates/show.html.erb within layouts/application (Duration: 1.2ms | Allocations: 502)
  Rendered home/_header.html.erb (Duration: 0.3ms | Allocations: 121)
  Rendered layout layouts/application.html.erb (Duration: 15.3ms | Allocations: 2963)
Completed 200 OK in 22ms (Views: 16.0ms | ActiveRecord: 0.3ms | Allocations: 3739)


Started GET "/candidates/1" for ::1 at 2022-12-10 16:15:54 +0200
Processing by CandidatesController#show as HTML
  Parameters: {"id"=>"1"}
  [1m[36mCandidate Load (0.3ms)[0m  [1m[34mSELECT "candidates".* FROM "candidates" WHERE "candidates"."id" = ? LIMIT ?[0m  [["id", 1], ["LIMIT", 1]]
  ↳ app/controllers/candidates_controller.rb:63:in `set_candidate'
  Rendering layout layouts/application.html.erb
  Rendering candidates/show.html.erb within layouts/application
  Rendered candidates/show.html.erb within layouts/application (Duration: 1.1ms | Allocations: 506)
  Rendered home/_header.html.erb (Duration: 0.3ms | Allocations: 121)
  Rendered layout layouts/application.html.erb (Duration: 17.6ms | Allocations: 2967)
Completed 200 OK in 27ms (Views: 18.3ms | ActiveRecord: 0.3ms | Allocations: 3721)


Started GET "/candidates/1/edit" for ::1 at 2022-12-10 16:16:13 +0200
Processing by CandidatesController#edit as HTML
  Parameters: {"id"=>"1"}
  [1m[36mCandidate Load (0.4ms)[0m  [1m[34mSELECT "candidates".* FROM "candidates" WHERE "candidates"."id" = ? LIMIT ?[0m  [["id", 1], ["LIMIT", 1]]
  ↳ app/controllers/candidates_controller.rb:63:in `set_candidate'
  Rendering layout layouts/application.html.erb
  Rendering candidates/edit.html.erb within layouts/application
  Rendered candidates/_form.html.erb (Duration: 2.8ms | Allocations: 1079)
  Rendered candidates/edit.html.erb within layouts/application (Duration: 4.1ms | Allocations: 1203)
  Rendered home/_header.html.erb (Duration: 0.3ms | Allocations: 120)
  Rendered layout layouts/application.html.erb (Duration: 20.2ms | Allocations: 3663)
Completed 200 OK in 28ms (Views: 20.9ms | ActiveRecord: 0.4ms | Allocations: 4417)


Started PATCH "/candidates/1" for ::1 at 2022-12-10 16:16:14 +0200
Processing by CandidatesController#update as TURBO_STREAM
  Parameters: {"authenticity_token"=>"[FILTERED]", "candidate"=>{"full_name"=>"David Fincher", "gender"=>"Male", "age"=>"54", "speciality"=>"Electrician", "work_experience"=>"22 years"}, "commit"=>"Update Candidate", "id"=>"1"}
  [1m[36mCandidate Load (0.4ms)[0m  [1m[34mSELECT "candidates".* FROM "candidates" WHERE "candidates"."id" = ? LIMIT ?[0m  [["id", 1], ["LIMIT", 1]]
  ↳ app/controllers/candidates_controller.rb:63:in `set_candidate'
Redirected to http://localhost:3000/candidates/1
Completed 302 Found in 9ms (ActiveRecord: 0.4ms | Allocations: 1216)


Started GET "/candidates/1" for ::1 at 2022-12-10 16:16:14 +0200
Processing by CandidatesController#show as TURBO_STREAM
  Parameters: {"id"=>"1"}
  [1m[36mCandidate Load (0.3ms)[0m  [1m[34mSELECT "candidates".* FROM "candidates" WHERE "candidates"."id" = ? LIMIT ?[0m  [["id", 1], ["LIMIT", 1]]
  ↳ app/controllers/candidates_controller.rb:63:in `set_candidate'
  Rendering layout layouts/application.html.erb
  Rendering candidates/show.html.erb within layouts/application
  Rendered candidates/show.html.erb within layouts/application (Duration: 1.3ms | Allocations: 522)
  Rendered home/_header.html.erb (Duration: 0.3ms | Allocations: 121)
  Rendered layouts/_alerts.html.erb (Duration: 0.1ms | Allocations: 13)
  Rendered layout layouts/application.html.erb (Duration: 15.2ms | Allocations: 3062)
Completed 200 OK in 22ms (Views: 15.8ms | ActiveRecord: 0.3ms | Allocations: 3819)


Started GET "/candidates" for ::1 at 2022-12-10 16:16:16 +0200
Processing by CandidatesController#index as HTML
  Rendering layout layouts/application.html.erb
  Rendering candidates/index.html.erb within layouts/application
  [1m[36mCandidate Load (0.4ms)[0m  [1m[34mSELECT "candidates".* FROM "candidates"[0m
  ↳ app/views/candidates/index.html.erb:16
  Rendered candidates/index.html.erb within layouts/application (Duration: 4.1ms | Allocations: 1537)
  Rendered home/_header.html.erb (Duration: 0.3ms | Allocations: 121)
  Rendered layout layouts/application.html.erb (Duration: 18.0ms | Allocations: 4174)
Completed 200 OK in 24ms (Views: 18.4ms | ActiveRecord: 0.4ms | Allocations: 4465)


Started GET "/candidates/1/edit" for ::1 at 2022-12-10 16:16:24 +0200
Processing by CandidatesController#edit as HTML
  Parameters: {"id"=>"1"}
  [1m[36mCandidate Load (0.4ms)[0m  [1m[34mSELECT "candidates".* FROM "candidates" WHERE "candidates"."id" = ? LIMIT ?[0m  [["id", 1], ["LIMIT", 1]]
  ↳ app/controllers/candidates_controller.rb:63:in `set_candidate'
  Rendering layout layouts/application.html.erb
  Rendering candidates/edit.html.erb within layouts/application
  Rendered candidates/_form.html.erb (Duration: 2.7ms | Allocations: 1071)
  Rendered candidates/edit.html.erb within layouts/application (Duration: 3.2ms | Allocations: 1195)
  Rendered home/_header.html.erb (Duration: 0.5ms | Allocations: 120)
  Rendered layout layouts/application.html.erb (Duration: 17.1ms | Allocations: 3658)
Completed 200 OK in 25ms (Views: 18.5ms | ActiveRecord: 0.4ms | Allocations: 4412)


Started PATCH "/candidates/1" for ::1 at 2022-12-10 16:16:25 +0200
Processing by CandidatesController#update as TURBO_STREAM
  Parameters: {"authenticity_token"=>"[FILTERED]", "candidate"=>{"full_name"=>"David Fincher", "gender"=>"Male", "age"=>"54", "speciality"=>"Electrician", "work_experience"=>"22 years"}, "commit"=>"Update Candidate", "id"=>"1"}
  [1m[36mCandidate Load (0.3ms)[0m  [1m[34mSELECT "candidates".* FROM "candidates" WHERE "candidates"."id" = ? LIMIT ?[0m  [["id", 1], ["LIMIT", 1]]
  ↳ app/controllers/candidates_controller.rb:63:in `set_candidate'
Redirected to http://localhost:3000/candidates/1
Completed 302 Found in 10ms (ActiveRecord: 0.3ms | Allocations: 1130)


Started GET "/candidates/1" for ::1 at 2022-12-10 16:16:26 +0200
Processing by CandidatesController#show as TURBO_STREAM
  Parameters: {"id"=>"1"}
  [1m[36mCandidate Load (0.3ms)[0m  [1m[34mSELECT "candidates".* FROM "candidates" WHERE "candidates"."id" = ? LIMIT ?[0m  [["id", 1], ["LIMIT", 1]]
  ↳ app/controllers/candidates_controller.rb:63:in `set_candidate'
  Rendering layout layouts/application.html.erb
  Rendering candidates/show.html.erb within layouts/application
  Rendered candidates/show.html.erb within layouts/application (Duration: 1.4ms | Allocations: 513)
  Rendered home/_header.html.erb (Duration: 0.3ms | Allocations: 121)
  Rendered layouts/_alerts.html.erb (Duration: 0.1ms | Allocations: 13)
  Rendered layout layouts/application.html.erb (Duration: 16.0ms | Allocations: 3052)
Completed 200 OK in 23ms (Views: 16.7ms | ActiveRecord: 0.3ms | Allocations: 3809)


Started GET "/candidates" for ::1 at 2022-12-10 16:16:45 +0200
Processing by CandidatesController#index as HTML
  Rendering layout layouts/application.html.erb
  Rendering candidates/index.html.erb within layouts/application
  [1m[36mCandidate Load (0.3ms)[0m  [1m[34mSELECT "candidates".* FROM "candidates"[0m
  ↳ app/views/candidates/index.html.erb:16
  Rendered candidates/index.html.erb within layouts/application (Duration: 4.7ms | Allocations: 1537)
  Rendered home/_header.html.erb (Duration: 1.1ms | Allocations: 121)
  Rendered layout layouts/application.html.erb (Duration: 19.4ms | Allocations: 4161)
Completed 200 OK in 25ms (Views: 19.8ms | ActiveRecord: 0.3ms | Allocations: 4452)


Started GET "/candidates/4/edit" for ::1 at 2022-12-10 16:16:50 +0200
Processing by CandidatesController#edit as HTML
  Parameters: {"id"=>"4"}
  [1m[36mCandidate Load (0.3ms)[0m  [1m[34mSELECT "candidates".* FROM "candidates" WHERE "candidates"."id" = ? LIMIT ?[0m  [["id", 4], ["LIMIT", 1]]
  ↳ app/controllers/candidates_controller.rb:63:in `set_candidate'
  Rendering layout layouts/application.html.erb
  Rendering candidates/edit.html.erb within layouts/application
  Rendered candidates/_form.html.erb (Duration: 3.1ms | Allocations: 1099)
  Rendered candidates/edit.html.erb within layouts/application (Duration: 10.2ms | Allocations: 1223)
  Rendered home/_header.html.erb (Duration: 0.3ms | Allocations: 120)
  Rendered layout layouts/application.html.erb (Duration: 27.5ms | Allocations: 3691)
Completed 200 OK in 35ms (Views: 28.4ms | ActiveRecord: 0.3ms | Allocations: 4445)


